{"C:\\Users\\Okobi\\Documents\\Software_Dev\\node\\LaptopStore\\util.js": {"path":"C:\\Users\\Okobi\\Documents\\Software_Dev\\node\\LaptopStore\\util.js","statementMap":{"0":{"start":{"line":7,"column":12},"end":{"line":7,"column":25}},"1":{"start":{"line":12,"column":4},"end":{"line":12,"column":62}},"2":{"start":{"line":14,"column":4},"end":{"line":14,"column":30}},"3":{"start":{"line":19,"column":17},"end":{"line":19,"column":67}},"4":{"start":{"line":20,"column":4},"end":{"line":20,"column":53}},"5":{"start":{"line":21,"column":4},"end":{"line":21,"column":53}},"6":{"start":{"line":22,"column":4},"end":{"line":22,"column":56}},"7":{"start":{"line":23,"column":4},"end":{"line":23,"column":50}},"8":{"start":{"line":24,"column":4},"end":{"line":24,"column":58}},"9":{"start":{"line":25,"column":4},"end":{"line":25,"column":50}},"10":{"start":{"line":26,"column":4},"end":{"line":26,"column":66}},"11":{"start":{"line":27,"column":4},"end":{"line":27,"column":48}},"12":{"start":{"line":29,"column":4},"end":{"line":29,"column":18}},"13":{"start":{"line":34,"column":4},"end":{"line":63,"column":5}},"14":{"start":{"line":36,"column":8},"end":{"line":47,"column":11}},"15":{"start":{"line":38,"column":12},"end":{"line":46,"column":15}},"16":{"start":{"line":39,"column":16},"end":{"line":42,"column":17}},"17":{"start":{"line":41,"column":19},"end":{"line":41,"column":38}},"18":{"start":{"line":44,"column":16},"end":{"line":44,"column":30}},"19":{"start":{"line":51,"column":8},"end":{"line":62,"column":11}},"20":{"start":{"line":53,"column":12},"end":{"line":61,"column":15}},"21":{"start":{"line":54,"column":16},"end":{"line":57,"column":17}},"22":{"start":{"line":56,"column":19},"end":{"line":56,"column":38}},"23":{"start":{"line":59,"column":16},"end":{"line":59,"column":30}},"24":{"start":{"line":69,"column":0},"end":{"line":69,"column":44}}},"fnMap":{"0":{"name":"result","decl":{"start":{"line":10,"column":9},"end":{"line":10,"column":15}},"loc":{"start":{"line":11,"column":0},"end":{"line":15,"column":1}},"line":11},"1":{"name":"template","decl":{"start":{"line":17,"column":9},"end":{"line":17,"column":17}},"loc":{"start":{"line":18,"column":0},"end":{"line":30,"column":1}},"line":18},"2":{"name":"readFile","decl":{"start":{"line":32,"column":9},"end":{"line":32,"column":17}},"loc":{"start":{"line":33,"column":0},"end":{"line":66,"column":1}},"line":33},"3":{"name":"(anonymous_3)","decl":{"start":{"line":36,"column":27},"end":{"line":36,"column":28}},"loc":{"start":{"line":36,"column":47},"end":{"line":47,"column":9}},"line":36},"4":{"name":"(anonymous_4)","decl":{"start":{"line":38,"column":42},"end":{"line":38,"column":43}},"loc":{"start":{"line":38,"column":57},"end":{"line":46,"column":13}},"line":38},"5":{"name":"(anonymous_5)","decl":{"start":{"line":51,"column":27},"end":{"line":51,"column":28}},"loc":{"start":{"line":51,"column":47},"end":{"line":62,"column":9}},"line":51},"6":{"name":"(anonymous_6)","decl":{"start":{"line":53,"column":34},"end":{"line":53,"column":35}},"loc":{"start":{"line":53,"column":49},"end":{"line":61,"column":13}},"line":53}},"branchMap":{"0":{"loc":{"start":{"line":10,"column":39},"end":{"line":10,"column":64}},"type":"default-arg","locations":[{"start":{"line":10,"column":53},"end":{"line":10,"column":64}}],"line":10},"1":{"loc":{"start":{"line":32,"column":27},"end":{"line":32,"column":40}},"type":"default-arg","locations":[{"start":{"line":32,"column":36},"end":{"line":32,"column":40}}],"line":32},"2":{"loc":{"start":{"line":34,"column":4},"end":{"line":63,"column":5}},"type":"if","locations":[{"start":{"line":34,"column":4},"end":{"line":63,"column":5}},{"start":{"line":50,"column":4},"end":{"line":63,"column":5}}],"line":34},"3":{"loc":{"start":{"line":39,"column":16},"end":{"line":42,"column":17}},"type":"if","locations":[{"start":{"line":39,"column":16},"end":{"line":42,"column":17}},{"start":{},"end":{}}],"line":39},"4":{"loc":{"start":{"line":54,"column":16},"end":{"line":57,"column":17}},"type":"if","locations":[{"start":{"line":54,"column":16},"end":{"line":57,"column":17}},{"start":{},"end":{}}],"line":54}},"s":{"0":3,"1":0,"2":0,"3":0,"4":0,"5":0,"6":0,"7":0,"8":0,"9":0,"10":0,"11":0,"12":0,"13":0,"14":0,"15":0,"16":0,"17":0,"18":0,"19":0,"20":0,"21":0,"22":0,"23":0,"24":3},"f":{"0":0,"1":0,"2":0,"3":0,"4":0,"5":0,"6":0},"b":{"0":[0],"1":[0],"2":[0,0],"3":[0,0],"4":[0,0]},"_coverageSchema":"1a1c01bbd47fc00a2c39e90264f33305004495a9","hash":"5a7b98c1274bb3ab890496ee44f3b586e56cadbd"}
,"C:\\Users\\Okobi\\Documents\\Software_Dev\\node\\LaptopStore\\Controller\\LaptopController.js": {"path":"C:\\Users\\Okobi\\Documents\\Software_Dev\\node\\LaptopStore\\Controller\\LaptopController.js","statementMap":{"0":{"start":{"line":1,"column":20},"end":{"line":1,"column":52}},"1":{"start":{"line":2,"column":13},"end":{"line":2,"column":28}},"2":{"start":{"line":3,"column":14},"end":{"line":3,"column":32}},"3":{"start":{"line":9,"column":3},"end":{"line":9,"column":54}},"4":{"start":{"line":14,"column":4},"end":{"line":40,"column":5}},"5":{"start":{"line":15,"column":21},"end":{"line":15,"column":54}},"6":{"start":{"line":17,"column":8},"end":{"line":35,"column":9}},"7":{"start":{"line":19,"column":12},"end":{"line":19,"column":66}},"8":{"start":{"line":23,"column":23},"end":{"line":23,"column":90}},"9":{"start":{"line":25,"column":27},"end":{"line":28,"column":23}},"10":{"start":{"line":27,"column":16},"end":{"line":27,"column":47}},"11":{"start":{"line":30,"column":27},"end":{"line":30,"column":97}},"12":{"start":{"line":32,"column":25},"end":{"line":32,"column":62}},"13":{"start":{"line":34,"column":12},"end":{"line":34,"column":54}},"14":{"start":{"line":39,"column":8},"end":{"line":39,"column":27}},"15":{"start":{"line":48,"column":4},"end":{"line":67,"column":5}},"16":{"start":{"line":50,"column":21},"end":{"line":50,"column":57}},"17":{"start":{"line":52,"column":8},"end":{"line":64,"column":9}},"18":{"start":{"line":54,"column":12},"end":{"line":54,"column":67}},"19":{"start":{"line":59,"column":22},"end":{"line":59,"column":90}},"20":{"start":{"line":61,"column":24},"end":{"line":61,"column":51}},"21":{"start":{"line":63,"column":11},"end":{"line":63,"column":53}},"22":{"start":{"line":66,"column":8},"end":{"line":66,"column":27}},"23":{"start":{"line":75,"column":21},"end":{"line":75,"column":23}},"24":{"start":{"line":76,"column":18},"end":{"line":76,"column":20}},"25":{"start":{"line":78,"column":16},"end":{"line":78,"column":21}},"26":{"start":{"line":79,"column":28},"end":{"line":79,"column":67}},"27":{"start":{"line":80,"column":26},"end":{"line":80,"column":60}},"28":{"start":{"line":81,"column":26},"end":{"line":81,"column":51}},"29":{"start":{"line":83,"column":4},"end":{"line":102,"column":5}},"30":{"start":{"line":85,"column":8},"end":{"line":85,"column":52}},"31":{"start":{"line":86,"column":8},"end":{"line":86,"column":64}},"32":{"start":{"line":87,"column":8},"end":{"line":87,"column":23}},"33":{"start":{"line":89,"column":9},"end":{"line":102,"column":5}},"34":{"start":{"line":91,"column":8},"end":{"line":91,"column":51}},"35":{"start":{"line":92,"column":8},"end":{"line":92,"column":54}},"36":{"start":{"line":93,"column":8},"end":{"line":93,"column":22}},"37":{"start":{"line":95,"column":9},"end":{"line":102,"column":5}},"38":{"start":{"line":97,"column":8},"end":{"line":97,"column":41}},"39":{"start":{"line":98,"column":8},"end":{"line":98,"column":54}},"40":{"start":{"line":99,"column":8},"end":{"line":99,"column":22}},"41":{"start":{"line":101,"column":8},"end":{"line":101,"column":15}},"42":{"start":{"line":106,"column":4},"end":{"line":114,"column":5}},"43":{"start":{"line":108,"column":19},"end":{"line":108,"column":56}},"44":{"start":{"line":110,"column":8},"end":{"line":110,"column":59}},"45":{"start":{"line":113,"column":8},"end":{"line":113,"column":27}},"46":{"start":{"line":120,"column":4},"end":{"line":120,"column":17}},"47":{"start":{"line":124,"column":4},"end":{"line":124,"column":16}},"48":{"start":{"line":129,"column":4},"end":{"line":139,"column":5}},"49":{"start":{"line":130,"column":8},"end":{"line":130,"column":20}},"50":{"start":{"line":132,"column":9},"end":{"line":139,"column":5}},"51":{"start":{"line":135,"column":8},"end":{"line":135,"column":19}},"52":{"start":{"line":138,"column":8},"end":{"line":138,"column":19}},"53":{"start":{"line":144,"column":4},"end":{"line":148,"column":23}},"54":{"start":{"line":145,"column":8},"end":{"line":145,"column":24}},"55":{"start":{"line":148,"column":6},"end":{"line":148,"column":23}},"56":{"start":{"line":150,"column":0},"end":{"line":150,"column":102}}},"fnMap":{"0":{"name":"pageNotFound","decl":{"start":{"line":7,"column":9},"end":{"line":7,"column":21}},"loc":{"start":{"line":8,"column":0},"end":{"line":10,"column":1}},"line":8},"1":{"name":"getLaptops","decl":{"start":{"line":12,"column":16},"end":{"line":12,"column":26}},"loc":{"start":{"line":13,"column":0},"end":{"line":43,"column":1}},"line":13},"2":{"name":"(anonymous_2)","decl":{"start":{"line":25,"column":38},"end":{"line":25,"column":39}},"loc":{"start":{"line":25,"column":44},"end":{"line":28,"column":13}},"line":25},"3":{"name":"getlaptop","decl":{"start":{"line":46,"column":15},"end":{"line":46,"column":24}},"loc":{"start":{"line":47,"column":0},"end":{"line":70,"column":1}},"line":47},"4":{"name":"returnFile","decl":{"start":{"line":73,"column":15},"end":{"line":73,"column":25}},"loc":{"start":{"line":74,"column":0},"end":{"line":117,"column":1}},"line":74},"5":{"name":"Sum","decl":{"start":{"line":119,"column":9},"end":{"line":119,"column":12}},"loc":{"start":{"line":119,"column":20},"end":{"line":121,"column":1}},"line":119},"6":{"name":"SubStract","decl":{"start":{"line":123,"column":9},"end":{"line":123,"column":18}},"loc":{"start":{"line":123,"column":26},"end":{"line":125,"column":1}},"line":123},"7":{"name":"GetGrade","decl":{"start":{"line":127,"column":9},"end":{"line":127,"column":17}},"loc":{"start":{"line":127,"column":27},"end":{"line":141,"column":1}},"line":127},"8":{"name":"Status","decl":{"start":{"line":143,"column":9},"end":{"line":143,"column":15}},"loc":{"start":{"line":143,"column":21},"end":{"line":149,"column":1}},"line":143}},"branchMap":{"0":{"loc":{"start":{"line":17,"column":8},"end":{"line":35,"column":9}},"type":"if","locations":[{"start":{"line":17,"column":8},"end":{"line":35,"column":9}},{"start":{"line":22,"column":8},"end":{"line":35,"column":9}}],"line":17},"1":{"loc":{"start":{"line":52,"column":8},"end":{"line":64,"column":9}},"type":"if","locations":[{"start":{"line":52,"column":8},"end":{"line":64,"column":9}},{"start":{"line":57,"column":8},"end":{"line":64,"column":9}}],"line":52},"2":{"loc":{"start":{"line":83,"column":4},"end":{"line":102,"column":5}},"type":"if","locations":[{"start":{"line":83,"column":4},"end":{"line":102,"column":5}},{"start":{"line":89,"column":9},"end":{"line":102,"column":5}}],"line":83},"3":{"loc":{"start":{"line":89,"column":9},"end":{"line":102,"column":5}},"type":"if","locations":[{"start":{"line":89,"column":9},"end":{"line":102,"column":5}},{"start":{"line":95,"column":9},"end":{"line":102,"column":5}}],"line":89},"4":{"loc":{"start":{"line":95,"column":9},"end":{"line":102,"column":5}},"type":"if","locations":[{"start":{"line":95,"column":9},"end":{"line":102,"column":5}},{"start":{"line":100,"column":9},"end":{"line":102,"column":5}}],"line":95},"5":{"loc":{"start":{"line":129,"column":4},"end":{"line":139,"column":5}},"type":"if","locations":[{"start":{"line":129,"column":4},"end":{"line":139,"column":5}},{"start":{"line":132,"column":9},"end":{"line":139,"column":5}}],"line":129},"6":{"loc":{"start":{"line":132,"column":9},"end":{"line":139,"column":5}},"type":"if","locations":[{"start":{"line":132,"column":9},"end":{"line":139,"column":5}},{"start":{"line":137,"column":9},"end":{"line":139,"column":5}}],"line":132},"7":{"loc":{"start":{"line":144,"column":4},"end":{"line":148,"column":23}},"type":"if","locations":[{"start":{"line":144,"column":4},"end":{"line":148,"column":23}},{"start":{"line":148,"column":6},"end":{"line":148,"column":23}}],"line":144}},"s":{"0":3,"1":3,"2":3,"3":0,"4":0,"5":0,"6":0,"7":0,"8":0,"9":0,"10":0,"11":0,"12":0,"13":0,"14":0,"15":0,"16":0,"17":0,"18":0,"19":0,"20":0,"21":0,"22":0,"23":0,"24":0,"25":0,"26":0,"27":0,"28":0,"29":0,"30":0,"31":0,"32":0,"33":0,"34":0,"35":0,"36":0,"37":0,"38":0,"39":0,"40":0,"41":0,"42":0,"43":0,"44":0,"45":0,"46":1,"47":2,"48":3,"49":1,"50":2,"51":1,"52":1,"53":1,"54":1,"55":0,"56":3},"f":{"0":0,"1":0,"2":0,"3":0,"4":0,"5":1,"6":2,"7":3,"8":1},"b":{"0":[0,0],"1":[0,0],"2":[0,0],"3":[0,0],"4":[0,0],"5":[1,2],"6":[1,1],"7":[1,0]},"_coverageSchema":"1a1c01bbd47fc00a2c39e90264f33305004495a9","hash":"03646f8139534fa7f2aac9a51bd4a6f509271133"}
,"C:\\Users\\Okobi\\Documents\\Software_Dev\\node\\LaptopStore\\Models\\LaptopModel.js": {"path":"C:\\Users\\Okobi\\Documents\\Software_Dev\\node\\LaptopStore\\Models\\LaptopModel.js","statementMap":{"0":{"start":{"line":1,"column":11},"end":{"line":1,"column":24}},"1":{"start":{"line":2,"column":13},"end":{"line":2,"column":28}},"2":{"start":{"line":6,"column":17},"end":{"line":6,"column":45}},"3":{"start":{"line":9,"column":0},"end":{"line":9,"column":93}},"4":{"start":{"line":15,"column":5},"end":{"line":26,"column":8}},"5":{"start":{"line":16,"column":8},"end":{"line":24,"column":11}},"6":{"start":{"line":17,"column":12},"end":{"line":21,"column":13}},"7":{"start":{"line":19,"column":16},"end":{"line":19,"column":33}},"8":{"start":{"line":20,"column":16},"end":{"line":20,"column":30}},"9":{"start":{"line":23,"column":12},"end":{"line":23,"column":38}},"10":{"start":{"line":32,"column":4},"end":{"line":37,"column":7}},"11":{"start":{"line":34,"column":23},"end":{"line":34,"column":56}},"12":{"start":{"line":34,"column":44},"end":{"line":34,"column":55}},"13":{"start":{"line":36,"column":8},"end":{"line":36,"column":24}},"14":{"start":{"line":41,"column":0},"end":{"line":41,"column":48}}},"fnMap":{"0":{"name":"getLaptopData","decl":{"start":{"line":13,"column":9},"end":{"line":13,"column":22}},"loc":{"start":{"line":13,"column":24},"end":{"line":27,"column":1}},"line":13},"1":{"name":"(anonymous_1)","decl":{"start":{"line":15,"column":24},"end":{"line":15,"column":25}},"loc":{"start":{"line":15,"column":45},"end":{"line":26,"column":6}},"line":15},"2":{"name":"(anonymous_2)","decl":{"start":{"line":16,"column":71},"end":{"line":16,"column":72}},"loc":{"start":{"line":16,"column":91},"end":{"line":24,"column":9}},"line":16},"3":{"name":"findLaptopById","decl":{"start":{"line":30,"column":9},"end":{"line":30,"column":23}},"loc":{"start":{"line":31,"column":0},"end":{"line":39,"column":1}},"line":31},"4":{"name":"(anonymous_4)","decl":{"start":{"line":32,"column":23},"end":{"line":32,"column":24}},"loc":{"start":{"line":32,"column":44},"end":{"line":37,"column":5}},"line":32},"5":{"name":"(anonymous_5)","decl":{"start":{"line":34,"column":39},"end":{"line":34,"column":40}},"loc":{"start":{"line":34,"column":44},"end":{"line":34,"column":55}},"line":34}},"branchMap":{"0":{"loc":{"start":{"line":17,"column":12},"end":{"line":21,"column":13}},"type":"if","locations":[{"start":{"line":17,"column":12},"end":{"line":21,"column":13}},{"start":{},"end":{}}],"line":17}},"s":{"0":3,"1":3,"2":3,"3":3,"4":0,"5":0,"6":0,"7":0,"8":0,"9":0,"10":0,"11":0,"12":0,"13":0,"14":3},"f":{"0":0,"1":0,"2":0,"3":0,"4":0,"5":0},"b":{"0":[0,0]},"_coverageSchema":"1a1c01bbd47fc00a2c39e90264f33305004495a9","hash":"c7b50d406e23bce471c22cc9f58512a1e190fff7"}
}
