TN:
SF:util.js
FN:10,result
FN:17,template
FN:32,readFile
FN:36,(anonymous_3)
FN:38,(anonymous_4)
FN:51,(anonymous_5)
FN:53,(anonymous_6)
FNF:7
FNH:0
FNDA:0,result
FNDA:0,template
FNDA:0,readFile
FNDA:0,(anonymous_3)
FNDA:0,(anonymous_4)
FNDA:0,(anonymous_5)
FNDA:0,(anonymous_6)
DA:7,3
DA:12,0
DA:14,0
DA:19,0
DA:20,0
DA:21,0
DA:22,0
DA:23,0
DA:24,0
DA:25,0
DA:26,0
DA:27,0
DA:29,0
DA:34,0
DA:36,0
DA:38,0
DA:39,0
DA:41,0
DA:44,0
DA:51,0
DA:53,0
DA:54,0
DA:56,0
DA:59,0
DA:69,3
LF:25
LH:2
BRDA:10,0,0,0
BRDA:32,1,0,0
BRDA:34,2,0,0
BRDA:34,2,1,0
BRDA:39,3,0,0
BRDA:39,3,1,0
BRDA:54,4,0,0
BRDA:54,4,1,0
BRF:8
BRH:0
end_of_record
TN:
SF:Controller\LaptopController.js
FN:7,pageNotFound
FN:12,getLaptops
FN:25,(anonymous_2)
FN:46,getlaptop
FN:73,returnFile
FN:119,Sum
FN:123,SubStract
FN:127,GetGrade
FN:143,Status
FNF:9
FNH:4
FNDA:0,pageNotFound
FNDA:0,getLaptops
FNDA:0,(anonymous_2)
FNDA:0,getlaptop
FNDA:0,returnFile
FNDA:1,Sum
FNDA:2,SubStract
FNDA:3,GetGrade
FNDA:1,Status
DA:1,3
DA:2,3
DA:3,3
DA:9,0
DA:14,0
DA:15,0
DA:17,0
DA:19,0
DA:23,0
DA:25,0
DA:27,0
DA:30,0
DA:32,0
DA:34,0
DA:39,0
DA:48,0
DA:50,0
DA:52,0
DA:54,0
DA:59,0
DA:61,0
DA:63,0
DA:66,0
DA:75,0
DA:76,0
DA:78,0
DA:79,0
DA:80,0
DA:81,0
DA:83,0
DA:85,0
DA:86,0
DA:87,0
DA:89,0
DA:91,0
DA:92,0
DA:93,0
DA:95,0
DA:97,0
DA:98,0
DA:99,0
DA:101,0
DA:106,0
DA:108,0
DA:110,0
DA:113,0
DA:120,1
DA:124,2
DA:129,3
DA:130,1
DA:132,2
DA:135,1
DA:138,1
DA:144,1
DA:145,1
DA:148,0
DA:150,3
LF:57
LH:13
BRDA:17,0,0,0
BRDA:17,0,1,0
BRDA:52,1,0,0
BRDA:52,1,1,0
BRDA:83,2,0,0
BRDA:83,2,1,0
BRDA:89,3,0,0
BRDA:89,3,1,0
BRDA:95,4,0,0
BRDA:95,4,1,0
BRDA:129,5,0,1
BRDA:129,5,1,2
BRDA:132,6,0,1
BRDA:132,6,1,1
BRDA:144,7,0,1
BRDA:144,7,1,0
BRF:16
BRH:5
end_of_record
TN:
SF:Models\LaptopModel.js
FN:13,getLaptopData
FN:15,(anonymous_1)
FN:16,(anonymous_2)
FN:30,findLaptopById
FN:32,(anonymous_4)
FN:34,(anonymous_5)
FNF:6
FNH:0
FNDA:0,getLaptopData
FNDA:0,(anonymous_1)
FNDA:0,(anonymous_2)
FNDA:0,findLaptopById
FNDA:0,(anonymous_4)
FNDA:0,(anonymous_5)
DA:1,3
DA:2,3
DA:6,3
DA:9,3
DA:15,0
DA:16,0
DA:17,0
DA:19,0
DA:20,0
DA:23,0
DA:32,0
DA:34,0
DA:36,0
DA:41,3
LF:14
LH:5
BRDA:17,0,0,0
BRDA:17,0,1,0
BRF:2
BRH:0
end_of_record
